<?xml version="1.0" encoding="UTF-8"?>
<!-- Generated by org.testng.reporters.JUnitReportReporter -->
<testsuite hostname="salman-PC" failures="0" tests="1" name="testCases.TC002__Loginpage" time="16.305" errors="0" timestamp="10 Dec 2020 15:16:39 GMT" skipped="0">
  <testcase classname="testCases.TC002__Loginpage" name="loginpage" time="16.305"/>
</testsuite> <!-- testCases.TC002__Loginpage -->
