<?xml version="1.0" encoding="UTF-8"?>
<!-- Generated by org.testng.reporters.JUnitReportReporter -->
<testsuite hostname="salman-PC" failures="0" tests="1" name="testCases.TC004_ProductSearch" time="54.510" errors="0" timestamp="11 Dec 2020 02:20:01 GMT" skipped="0">
  <testcase classname="testCases.TC004_ProductSearch" name="productSearch" time="54.510"/>
</testsuite> <!-- testCases.TC004_ProductSearch -->
