<?xml version="1.0" encoding="UTF-8"?>
<!-- Generated by org.testng.reporters.JUnitReportReporter -->
<testsuite hostname="salman-PC" failures="0" tests="1" name="testCases.TC005_AddingToCart" time="88.777" errors="0" timestamp="10 Dec 2020 22:40:52 GMT" skipped="0">
  <testcase classname="testCases.TC005_AddingToCart" name="addingToCart" time="88.777"/>
</testsuite> <!-- testCases.TC005_AddingToCart -->
