<?xml version="1.0" encoding="UTF-8"?>
<!-- Generated by org.testng.reporters.JUnitReportReporter -->
<testsuite hostname="salman-PC" failures="0" tests="1" name="testCases.TC003_passwordpage" time="17.414" errors="0" timestamp="11 Dec 2020 02:10:46 GMT" skipped="0">
  <testcase classname="testCases.TC003_passwordpage" name="passwordPage" time="17.414"/>
</testsuite> <!-- testCases.TC003_passwordpage -->
